#
# There is insufficient memory for the Java Runtime Environment to continue.
# Native memory allocation (mmap) failed to map 132120576 bytes. Error detail: G1 virtual space
# Possible reasons:
#   The system is out of physical RAM or swap space
#   This process is running with CompressedOops enabled, and the Java Heap may be blocking the growth of the native heap
# Possible solutions:
#   Reduce memory load on the system
#   Increase physical memory or swap space
#   Check if swap backing store is full
#   Decrease Java heap size (-Xmx/-Xms)
#   Decrease number of Java threads
#   Decrease Java thread stack sizes (-Xss)
#   Set larger code cache with -XX:ReservedCodeCacheSize=
#   JVM is running with Unscaled Compressed Oops mode in which the Java heap is
#     placed in the first 4GB address space. The Java Heap base address is the
#     maximum limit for the native heap growth. Please use -XX:HeapBaseMinAddress
#     to set the Java Heap base and to place the Java Heap above 4GB virtual address.
# This output file may be truncated or incomplete.
#
#  Out of Memory Error (os_windows.cpp:3713), pid=17016, tid=11932
#
# JRE version:  (21.0.8+9) (build )
# Java VM: OpenJDK 64-Bit Server VM (21.0.8+9-LTS, mixed mode, sharing, tiered, compressed oops, compressed class ptrs, g1 gc, windows-amd64)
# No core dump will be written. Minidumps are not enabled by default on client versions of Windows
#

---------------  S U M M A R Y ------------

Command Line: org.jetbrains.kotlin.cli.jvm.K2JVMCompiler @C:\Dsicario1\node_modules\@expo\log-box\android\build\20260502_6229832851439925385.compiler.options

Host: Intel(R) Core(TM) i7-6700 CPU @ 3.40GHz, 8 cores, 7G,  Windows 11 , 64 bit Build 26100 (10.0.26100.4768)
Time: Sat May  2 00:47:24 2026 Hora est嫕dar oeste, Sudam廨ica elapsed time: 1.528707 seconds (0d 0h 0m 1s)

---------------  T H R E A D  ---------------

Current thread (0x0000017d0b96ad20):  JavaThread "Unknown thread" [_thread_in_vm, id=11932, stack(0x0000004fcfd00000,0x0000004fcfe00000) (1024K)]

Stack: [0x0000004fcfd00000,0x0000004fcfe00000]
Native frames: (J=compiled Java code, j=interpreted, Vv=VM code, C=native code)
V  [jvm.dll+0x6d2449]
V  [jvm.dll+0x8ae341]
V  [jvm.dll+0x8b08be]
V  [jvm.dll+0x8b0fa3]
V  [jvm.dll+0x280c96]
V  [jvm.dll+0x6cec15]
V  [jvm.dll+0x6c2c3a]
V  [jvm.dll+0x35867a]
V  [jvm.dll+0x360246]
V  [jvm.dll+0x3b1f9e]
V  [jvm.dll+0x3b2248]
V  [jvm.dll+0x32c8fc]
V  [jvm.dll+0x32d45b]
V  [jvm.dll+0x8775d9]
V  [jvm.dll+0x3bed71]
V  [jvm.dll+0x8605d3]
V  [jvm.dll+0x4530ee]
V  [jvm.dll+0x454d31]
C  [jli.dll+0x5278]
C  [ucrtbase.dll+0x37b0]
C  [KERNEL32.DLL+0x2e8d7]
C  [ntdll.dll+0x3c34c]


---------------  P R O C E S S  ---------------

Threads class SMR info:
_java_thread_list=0x00007fffb74111c8, length=0, elements={
}

Java Threads: ( => current thread )
Total: 0

Other Threads:
  0x0000017d0b9c27c0 WorkerThread "GC Thread#0"                     [id=20312, stack(0x0000004fcfe00000,0x0000004fcff00000) (1024K)]
  0x0000017d0b9d3670 ConcurrentGCThread "G1 Main Marker"            [id=1440, stack(0x0000004fcff00000,0x0000004fd0000000) (1024K)]
  0x0000017d0b9d5b90 WorkerThread "G1 Conc#0"                       [id=17860, stack(0x0000004fd0000000,0x0000004fd0100000) (1024K)]

[error occurred during error reporting (printing all threads), id 0xc0000005, EXCEPTION_ACCESS_VIOLATION (0xc0000005) at pc=0x00007fffb6b0f137]
VM state: not at safepoint (not fully initialized)

VM Mutex/Monitor currently owned by a thread:  ([mutex/lock_event])
[0x00007fffb7485558] Heap_lock - owner thread: 0x0000017d0b96ad20

Heap address: 0x0000000082200000, size: 2014 MB, Compressed Oops mode: 32-bit

CDS archive(s) mapped at: [0x0000000000000000-0x0000000000000000-0x0000000000000000), size 0, SharedBaseAddress: 0x0000000800000000, ArchiveRelocationMode: 1.
Narrow klass base: 0x0000000000000000, Narrow klass shift: 0, Narrow klass range: 0x0

GC Precious Log:
 CardTable entry size: 512
 Card Set container configuration: InlinePtr #cards 5 size 8 Array Of Cards #cards 12 size 40 Howl #buckets 4 coarsen threshold 1843 Howl Bitmap #cards 512 size 80 coarsen threshold 460 Card regions per heap region 1 cards per card region 2048

Heap:
 garbage-first heap   total 0K, used 0K [0x0000000082200000, 0x0000000100000000)
  region size 1024K, 0 young (0K), 0 survivors (0K)

[error occurred during error reporting (printing heap information), id 0xc0000005, EXCEPTION_ACCESS_VIOLATION (0xc0000005) at pc=0x00007fffb6efbba9]
GC Heap History (0 events):
No events

Dll operation events (1 events):
Event: 0.048 Loaded shared library E:\Program Files\Eclipse Adoptium\jdk-21.0.8.9-hotspot\bin\java.dll

Deoptimization events (0 events):
No events

Classes loaded (0 events):
No events

Classes unloaded (0 events):
No events

Classes redefined (0 events):
No events

Internal exceptions (0 events):
No events

ZGC Phase Switch (0 events):
No events

VM Operations (0 events):
No events

Memory protections (0 events):
No events

Nmethod flushes (0 events):
No events

Events (0 events):
No events


Dynamic libraries:
0x00007ff79f840000 - 0x00007ff79f84e000 	E:\Program Files\Eclipse Adoptium\jdk-21.0.8.9-hotspot\bin\java.exe
0x00007ff85a640000 - 0x00007ff85a8a7000 	E:\Windows\SYSTEM32\ntdll.dll
0x00007ff859650000 - 0x00007ff859719000 	E:\Windows\System32\KERNEL32.DLL
0x00007ff857cf0000 - 0x00007ff8580e0000 	E:\Windows\System32\KERNELBASE.dll
0x00007ff857a20000 - 0x00007ff857b6b000 	E:\Windows\System32\ucrtbase.dll
0x00007ff82cf90000 - 0x00007ff82cfa8000 	E:\Program Files\Eclipse Adoptium\jdk-21.0.8.9-hotspot\bin\jli.dll
0x00007ff858eb0000 - 0x00007ff859075000 	E:\Windows\System32\USER32.dll
0x00007ff857770000 - 0x00007ff857797000 	E:\Windows\System32\win32u.dll
0x00007ff8586d0000 - 0x00007ff8586fb000 	E:\Windows\System32\GDI32.dll
0x00007ff8577a0000 - 0x00007ff8578d8000 	E:\Windows\System32\gdi32full.dll
0x00007ff857970000 - 0x00007ff857a13000 	E:\Windows\System32\msvcp_win.dll
0x00007ff844640000 - 0x00007ff8448da000 	E:\Windows\WinSxS\amd64_microsoft.windows.common-controls_6595b64144ccf1df_6.0.26100.4768_none_3e0c112ce331287c\COMCTL32.dll
0x00007ff8593c0000 - 0x00007ff859469000 	E:\Windows\System32\msvcrt.dll
0x00007ff82cdd0000 - 0x00007ff82cdee000 	E:\Program Files\Eclipse Adoptium\jdk-21.0.8.9-hotspot\bin\VCRUNTIME140.dll
0x00007ff858510000 - 0x00007ff85853f000 	E:\Windows\System32\IMM32.DLL
0x00007ff82cdc0000 - 0x00007ff82cdcc000 	E:\Program Files\Eclipse Adoptium\jdk-21.0.8.9-hotspot\bin\vcruntime140_1.dll
0x00007ff80cf00000 - 0x00007ff80cf8d000 	E:\Program Files\Eclipse Adoptium\jdk-21.0.8.9-hotspot\bin\msvcp140.dll
0x00007fffb67d0000 - 0x00007fffb7567000 	E:\Program Files\Eclipse Adoptium\jdk-21.0.8.9-hotspot\bin\server\jvm.dll
0x00007ff8583e0000 - 0x00007ff858494000 	E:\Windows\System32\ADVAPI32.dll
0x00007ff859520000 - 0x00007ff8595c6000 	E:\Windows\System32\sechost.dll
0x00007ff8590d0000 - 0x00007ff8591e8000 	E:\Windows\System32\RPCRT4.dll
0x00007ff858cc0000 - 0x00007ff858d34000 	E:\Windows\System32\WS2_32.dll
0x00007ff8575d0000 - 0x00007ff85762e000 	E:\Windows\SYSTEM32\POWRPROF.dll
0x00007ff847f30000 - 0x00007ff847f65000 	E:\Windows\SYSTEM32\WINMM.dll
0x00007ff850a60000 - 0x00007ff850a6b000 	E:\Windows\SYSTEM32\VERSION.dll
0x00007ff8575b0000 - 0x00007ff8575c4000 	E:\Windows\SYSTEM32\UMPDC.dll
0x00007ff8564b0000 - 0x00007ff8564cb000 	E:\Windows\SYSTEM32\kernel.appcore.dll
0x00007ff82cb60000 - 0x00007ff82cb6a000 	E:\Program Files\Eclipse Adoptium\jdk-21.0.8.9-hotspot\bin\jimage.dll
0x00007ff845ee0000 - 0x00007ff846121000 	E:\Windows\SYSTEM32\DBGHELP.DLL
0x00007ff859810000 - 0x00007ff859b95000 	E:\Windows\System32\combase.dll
0x00007ff858d40000 - 0x00007ff858e20000 	E:\Windows\System32\OLEAUT32.dll
0x00007ff82e200000 - 0x00007ff82e243000 	E:\Windows\SYSTEM32\dbgcore.DLL
0x00007ff858270000 - 0x00007ff858309000 	E:\Windows\System32\bcryptPrimitives.dll
0x00007ff80d770000 - 0x00007ff80d78f000 	E:\Program Files\Eclipse Adoptium\jdk-21.0.8.9-hotspot\bin\java.dll

JVMTI agents: none

dbghelp: loaded successfully - version: 4.0.5 - missing functions: none
symbol engine: initialized successfully - sym options: 0x614 - pdb path: .;E:\Program Files\Eclipse Adoptium\jdk-21.0.8.9-hotspot\bin;E:\Windows\SYSTEM32;E:\Windows\WinSxS\amd64_microsoft.windows.common-controls_6595b64144ccf1df_6.0.26100.4768_none_3e0c112ce331287c;E:\Program Files\Eclipse Adoptium\jdk-21.0.8.9-hotspot\bin\server

VM Arguments:
java_command: org.jetbrains.kotlin.cli.jvm.K2JVMCompiler @C:\Dsicario1\node_modules\@expo\log-box\android\build\20260502_6229832851439925385.compiler.options
java_class_path (initial): E:\Users\Hairo\.gradle\caches\modules-2\files-2.1\org.jetbrains.kotlin\kotlin-compiler-embeddable\2.1.20\4ef56b3316798316bfac7a0ae443391c9e900ea1\kotlin-compiler-embeddable-2.1.20.jar;E:\Users\Hairo\.gradle\caches\modules-2\files-2.1\org.jetbrains.kotlin\kotlin-stdlib\2.1.20\aa8ca79cd50578314f6d1180c47cbe14c0fee567\kotlin-stdlib-2.1.20.jar;E:\Users\Hairo\.gradle\caches\modules-2\files-2.1\org.jetbrains.kotlin\kotlin-script-runtime\2.1.20\f7c623d7f7bdb01f5ccd6b437bc0a937fcd7c57e\kotlin-script-runtime-2.1.20.jar;E:\Users\Hairo\.gradle\caches\modules-2\files-2.1\org.jetbrains.kotlin\kotlin-reflect\1.6.10\1cbe9c92c12a94eea200d23c2bbaedaf3daf5132\kotlin-reflect-1.6.10.jar;E:\Users\Hairo\.gradle\caches\modules-2\files-2.1\org.jetbrains.kotlin\kotlin-daemon-embeddable\2.1.20\95670fce77befd02a70a0bc3abe8ee4533521334\kotlin-daemon-embeddable-2.1.20.jar;E:\Users\Hairo\.gradle\caches\modules-2\files-2.1\org.jetbrains.intellij.deps\trove4j\1.0.20200330\3afb14d5f9ceb459d724e907a21145e8ff394f02\trove4j-1.0.20200330.jar;E:\Users\Hairo\.gradle\caches\modules-2\files-2.1\org.jetbrains.kotlinx\kotlinx-coroutines-core-jvm\1.8.0\ac1dc37a30a93150b704022f8d895ee1bd3a36b3\kotlinx-coroutines-core-jvm-1.8.0.jar;E:\Users\Hairo\.gradle\caches\modules-2\files-2.1\org.jetbrains\annotations\13.0\919f0dfe192fb4e063e7dacadee7f8bb9a2672a9\annotations-13.0.jar
Launcher Type: SUN_STANDARD

[Global flags]
     intx CICompilerCount                          = 4                                         {product} {ergonomic}
     uint ConcGCThreads                            = 2                                         {product} {ergonomic}
     uint G1ConcRefinementThreads                  = 8                                         {product} {ergonomic}
   size_t G1HeapRegionSize                         = 1048576                                   {product} {ergonomic}
    uintx GCDrainStackTargetSize                   = 64                                        {product} {ergonomic}
   size_t InitialHeapSize                          = 132120576                                 {product} {ergonomic}
   size_t MarkStackSize                            = 4194304                                   {product} {ergonomic}
   size_t MaxHeapSize                              = 2111832064                                {product} {ergonomic}
   size_t MinHeapDeltaBytes                        = 1048576                                   {product} {ergonomic}
   size_t MinHeapSize                              = 8388608                                   {product} {ergonomic}
    uintx NonNMethodCodeHeapSize                   = 5839372                                {pd product} {ergonomic}
    uintx NonProfiledCodeHeapSize                  = 122909434                              {pd product} {ergonomic}
    uintx ProfiledCodeHeapSize                     = 122909434                              {pd product} {ergonomic}
    uintx ReservedCodeCacheSize                    = 251658240                              {pd product} {ergonomic}
     bool SegmentedCodeCache                       = true                                      {product} {ergonomic}
   size_t SoftMaxHeapSize                          = 2111832064                             {manageable} {ergonomic}
     bool UseCompressedOops                        = true                           {product lp64_product} {ergonomic}
     bool UseG1GC                                  = true                                      {product} {ergonomic}
     bool UseLargePagesIndividualAllocation        = false                                  {pd product} {ergonomic}

Logging:
Log output configuration:
 #0: stdout all=warning uptime,level,tags foldmultilines=false
 #1: stderr all=off uptime,level,tags foldmultilines=false

Environment Variables:
JAVA_HOME=E:\Program Files\Eclipse Adoptium\jdk-21.0.8.9-hotspot\
PATH=E:\Program Files\Eclipse Adoptium\jdk-21.0.8.9-hotspot\bin;E:\Python313\Scripts\;E:\Python313\;E:\Windows\system32;E:\Windows;E:\Windows\System32\Wbem;E:\Windows\System32\WindowsPowerShell\v1.0\;E:\Windows\System32\OpenSSH\;E:\Program Files\nodejs\;E:\ProgramData\chocolatey\bin;E:\Users\Hairo\AppData\Local\Android\sdk\latest\bin;E:\Users\Hairo\AppData\Local\Android\sdk\platform-tools;E:\Users\Hairo\AppData\Local\Android\sdk\cmdline-tools\bin;E:\Program Files\dotnet\;E:\Program Files\Git\cmd;E:\Users\Hairo\AppData\Local\Programs\Antigravity\bin;E:\Users\Hairo\AppData\Local\Microsoft\WindowsApps;E:\Users\Hairo\AppData\Local\Programs\Microsoft VS Code\bin;E:\Users\Hairo\AppData\Roaming\npm;E:\Users\Hairo\AppData\Local\Programs\Windsurf\bin;E:\Users\Hairo\AppData\Local\Programs\Antigravity\bin;e:\Users\Hairo\.antigravity\extensions\vscjava.vscode-java-debug-0.59.0-universal\bundled\scripts\noConfigScripts
USERNAME=Hairo
LANG=es_ES.UTF-8
OS=Windows_NT
PROCESSOR_IDENTIFIER=Intel64 Family 6 Model 94 Stepping 3, GenuineIntel
TMP=E:\Users\Hairo\AppData\Local\Temp
TEMP=E:\Users\Hairo\AppData\Local\Temp




Periodic native trim disabled

---------------  S Y S T E M  ---------------

OS:
 Windows 11 , 64 bit Build 26100 (10.0.26100.4768)
OS uptime: 0 days 14:36 hours
Hyper-V role detected

CPU: total 8 (initial active 8) (4 cores per cpu, 2 threads per core) family 6 model 94 stepping 3 microcode 0xf2, cx8, cmov, fxsr, ht, mmx, 3dnowpref, sse, sse2, sse3, ssse3, sse4.1, sse4.2, popcnt, lzcnt, tsc, tscinvbit, avx, avx2, aes, erms, clmul, bmi1, bmi2, rtm, adx, fma, vzeroupper, clflush, clflushopt, hv, rdtscp, f16c
Processor Information for the first 8 processors :
  Max Mhz: 3408, Current Mhz: 3408, Mhz Limit: 3408

Memory: 4k page, system-wide physical 8055M (388M free)
TotalPageFile size 32631M (AvailPageFile size 0M)
current process WorkingSet (physical memory assigned to process): 12M, peak: 12M
current process commit charge ("private bytes"): 60M, peak: 186M

vm_info: OpenJDK 64-Bit Server VM (21.0.8+9-LTS) for windows-amd64 JRE (21.0.8+9-LTS), built on 2025-07-15T00:00:00Z by "admin" with MS VC++ 17.7 (VS2022)

END.
